<?xml version="1.0" encoding="UTF-8"?>
<testsuite xmlns:xsi="http://www.w3.org/2001/XMLSchema-instance" xsi:noNamespaceSchemaLocation="https://maven.apache.org/surefire/maven-surefire-plugin/xsd/surefire-test-report.xsd" name="constraintBenchTestSuite.androidApp.ReflectionTest" time="2.127" tests="1" errors="0" skipped="0" failures="0">
  <properties>
    <property name="sun.desktop" value="windows"/>
    <property name="awt.toolkit" value="sun.awt.windows.WToolkit"/>
    <property name="file.encoding.pkg" value="sun.io"/>
    <property name="java.specification.version" value="1.8"/>
    <property name="sun.cpu.isalist" value="amd64"/>
    <property name="sun.jnu.encoding" value="Cp1252"/>
    <property name="java.class.path" value="E:\Git\Github\COVA\cova\target\test-classes;E:\Git\Github\COVA\cova\target\classes;E:\Git\Github\COVA\constraintBench\target\classes;C:\Users\linghui\.m2\repository\junit\junit\4.12\junit-4.12.jar;C:\Users\linghui\.m2\repository\org\hamcrest\hamcrest-core\1.3\hamcrest-core-1.3.jar;C:\Users\linghui\.m2\repository\org\slf4j\slf4j-api\1.7.25\slf4j-api-1.7.25.jar;C:\Users\linghui\.m2\repository\org\apache\commons\commons-lang3\3.7\commons-lang3-3.7.jar;C:\Users\linghui\.m2\repository\com\j2html\j2html\1.2.2\j2html-1.2.2.jar;C:\Users\linghui\.m2\repository\commons-cli\commons-cli\1.4\commons-cli-1.4.jar;C:\Users\linghui\.m2\repository\org\apache\commons\commons-math3\3.6\commons-math3-3.6.jar;E:\Git\Github\COVA\cova\src\main\resources\z3-4.5.0-x64-win\bin\com.microsoft.z3.jar;E:\Git\Github\COVA\cova\src\main\resources\flowdroid\soot-infoflow.jar;E:\Git\Github\COVA\cova\src\main\resources\flowdroid\soot-infoflow-android.jar;E:\Git\Github\COVA\cova\src\main\resources\soot\sootclasses-trunk-jar-with-dependencies.jar;E:\Git\Github\COVA\cova\src\main\resources\boomerang\boomerang.jar;"/>
    <property name="java.vm.vendor" value="Oracle Corporation"/>
    <property name="sun.arch.data.model" value="64"/>
    <property name="user.variant" value=""/>
    <property name="java.vendor.url" value="http://java.oracle.com/"/>
    <property name="user.timezone" value=""/>
    <property name="java.vm.specification.version" value="1.8"/>
    <property name="os.name" value="Windows 10"/>
    <property name="user.country" value="DE"/>
    <property name="sun.java.launcher" value="SUN_STANDARD"/>
    <property name="sun.boot.library.path" value="C:\Program Files\Java\jre1.8.0_172\bin"/>
    <property name="sun.java.command" value="C:\Users\linghui\AppData\Local\Temp\surefire4886461603149902996\surefirebooter6938893106609390928.jar C:\Users\linghui\AppData\Local\Temp\surefire4886461603149902996 2018-10-04T17-48-30_681-jvmRun1 surefire3692226224045537824tmp surefire_01700045676788408434tmp"/>
    <property name="surefire.test.class.path" value="E:\Git\Github\COVA\cova\target\test-classes;E:\Git\Github\COVA\cova\target\classes;E:\Git\Github\COVA\constraintBench\target\classes;C:\Users\linghui\.m2\repository\junit\junit\4.12\junit-4.12.jar;C:\Users\linghui\.m2\repository\org\hamcrest\hamcrest-core\1.3\hamcrest-core-1.3.jar;C:\Users\linghui\.m2\repository\org\slf4j\slf4j-api\1.7.25\slf4j-api-1.7.25.jar;C:\Users\linghui\.m2\repository\org\apache\commons\commons-lang3\3.7\commons-lang3-3.7.jar;C:\Users\linghui\.m2\repository\com\j2html\j2html\1.2.2\j2html-1.2.2.jar;C:\Users\linghui\.m2\repository\commons-cli\commons-cli\1.4\commons-cli-1.4.jar;C:\Users\linghui\.m2\repository\org\apache\commons\commons-math3\3.6\commons-math3-3.6.jar;E:\Git\Github\COVA\cova\src\main\resources\z3-4.5.0-x64-win\bin\com.microsoft.z3.jar;E:\Git\Github\COVA\cova\src\main\resources\flowdroid\soot-infoflow.jar;E:\Git\Github\COVA\cova\src\main\resources\flowdroid\soot-infoflow-android.jar;E:\Git\Github\COVA\cova\src\main\resources\soot\sootclasses-trunk-jar-with-dependencies.jar;E:\Git\Github\COVA\cova\src\main\resources\boomerang\boomerang.jar;"/>
    <property name="sun.cpu.endian" value="little"/>
    <property name="user.home" value="C:\Users\linghui"/>
    <property name="user.language" value="de"/>
    <property name="java.specification.vendor" value="Oracle Corporation"/>
    <property name="java.home" value="C:\Program Files\Java\jre1.8.0_172"/>
    <property name="basedir" value="E:\Git\Github\COVA\cova"/>
    <property name="file.separator" value="\"/>
    <property name="line.separator" value="&#10;"/>
    <property name="java.vm.specification.vendor" value="Oracle Corporation"/>
    <property name="java.specification.name" value="Java Platform API Specification"/>
    <property name="java.awt.graphicsenv" value="sun.awt.Win32GraphicsEnvironment"/>
    <property name="surefire.real.class.path" value="C:\Users\linghui\AppData\Local\Temp\surefire4886461603149902996\surefirebooter6938893106609390928.jar"/>
    <property name="sun.boot.class.path" value="C:\Program Files\Java\jre1.8.0_172\lib\resources.jar;C:\Program Files\Java\jre1.8.0_172\lib\rt.jar;C:\Program Files\Java\jre1.8.0_172\lib\sunrsasign.jar;C:\Program Files\Java\jre1.8.0_172\lib\jsse.jar;C:\Program Files\Java\jre1.8.0_172\lib\jce.jar;C:\Program Files\Java\jre1.8.0_172\lib\charsets.jar;C:\Program Files\Java\jre1.8.0_172\lib\jfr.jar;C:\Program Files\Java\jre1.8.0_172\classes"/>
    <property name="user.script" value=""/>
    <property name="sun.management.compiler" value="HotSpot 64-Bit Tiered Compilers"/>
    <property name="java.runtime.version" value="1.8.0_172-b11"/>
    <property name="user.name" value="linghui"/>
    <property name="path.separator" value=";"/>
    <property name="os.version" value="10.0"/>
    <property name="java.endorsed.dirs" value="C:\Program Files\Java\jre1.8.0_172\lib\endorsed"/>
    <property name="java.runtime.name" value="Java(TM) SE Runtime Environment"/>
    <property name="file.encoding" value="Cp1252"/>
    <property name="java.vm.name" value="Java HotSpot(TM) 64-Bit Server VM"/>
    <property name="localRepository" value="C:\Users\linghui\.m2\repository"/>
    <property name="java.vendor.url.bug" value="http://bugreport.sun.com/bugreport/"/>
    <property name="java.io.tmpdir" value="C:\Users\linghui\AppData\Local\Temp\"/>
    <property name="java.version" value="1.8.0_172"/>
    <property name="user.dir" value="E:\Git\Github\COVA\cova"/>
    <property name="os.arch" value="amd64"/>
    <property name="java.vm.specification.name" value="Java Virtual Machine Specification"/>
    <property name="java.awt.printerjob" value="sun.awt.windows.WPrinterJob"/>
    <property name="sun.os.patch.level" value=""/>
    <property name="java.library.path" value="E:\Git\Github\COVA\cova/src/main/resources/z3-4.5.0-x64-win/bin/"/>
    <property name="java.vm.info" value="mixed mode"/>
    <property name="java.vendor" value="Oracle Corporation"/>
    <property name="java.vm.version" value="25.172-b11"/>
    <property name="java.ext.dirs" value="C:\Program Files\Java\jre1.8.0_172\lib\ext;C:\WINDOWS\Sun\Java\lib\ext"/>
    <property name="sun.io.unicode.encoding" value="UnicodeLittle"/>
    <property name="java.class.version" value="52.0"/>
  </properties>
  <testcase name="test" classname="constraintBenchTestSuite.androidApp.ReflectionTest" time="2.126"/>
</testsuite>